0:0:0:0:0:0:0:1 -  -  [18/Dec/2013:19:52:32 +0000] "GET / HTTP/1.1" 200 1213 
0:0:0:0:0:0:0:1 -  -  [18/Dec/2013:19:52:32 +0000] "GET /jetty-dir.css HTTP/1.1" 200 319 
0:0:0:0:0:0:0:1 -  -  [18/Dec/2013:19:52:32 +0000] "GET /favicon.ico HTTP/1.1" 404 300 
0:0:0:0:0:0:0:1 -  -  [18/Dec/2013:19:52:35 +0000] "GET /myGroovyPage.groovy HTTP/1.1" 200 - 
0:0:0:0:0:0:0:1 -  -  [18/Dec/2013:19:52:42 +0000] "GET /WorkList.jsp HTTP/1.1" 200 - 
0:0:0:0:0:0:0:1 -  -  [18/Dec/2013:19:52:44 +0000] "GET /css/jquery-ui-1.8.7.custom.css HTTP/1.1" 200 33985 
0:0:0:0:0:0:0:1 -  -  [18/Dec/2013:19:52:44 +0000] "GET /css/ui.jqgrid.css HTTP/1.1" 200 12129 
0:0:0:0:0:0:0:1 -  -  [18/Dec/2013:19:52:44 +0000] "GET /css/jquery.alerts.css HTTP/1.1" 200 1132 
0:0:0:0:0:0:0:1 -  -  [18/Dec/2013:19:52:44 +0000] "GET /js/grid.locale-en.js HTTP/1.1" 200 3927 
0:0:0:0:0:0:0:1 -  -  [18/Dec/2013:19:52:44 +0000] "GET /css/css_db3.css HTTP/1.1" 200 714 
0:0:0:0:0:0:0:1 -  -  [18/Dec/2013:19:52:44 +0000] "GET /js/jquery-1.4.4.js HTTP/1.1" 200 183184 
0:0:0:0:0:0:0:1 -  -  [18/Dec/2013:19:52:44 +0000] "GET /js/grid.custom.js HTTP/1.1" 200 27428 
0:0:0:0:0:0:0:1 -  -  [18/Dec/2013:19:52:44 +0000] "GET /js/jquery.jqGrid.min.js HTTP/1.1" 200 176627 
0:0:0:0:0:0:0:1 -  -  [18/Dec/2013:19:52:44 +0000] "GET /js/jquery-ui.min.js HTTP/1.1" 200 198463 
0:0:0:0:0:0:0:1 -  -  [18/Dec/2013:19:52:44 +0000] "GET /js/jqbrowser.js HTTP/1.1" 404 304 
0:0:0:0:0:0:0:1 -  -  [18/Dec/2013:19:52:44 +0000] "GET /js/jquery.alerts.js HTTP/1.1" 200 7645 
0:0:0:0:0:0:0:1 -  -  [18/Dec/2013:19:52:44 +0000] "GET /js/jquery.blockUI.js HTTP/1.1" 200 15918 
0:0:0:0:0:0:0:1 -  -  [18/Dec/2013:19:52:44 +0000] "GET /js/worklistReassign.js HTTP/1.1" 200 9992 
0:0:0:0:0:0:0:1 -  -  [18/Dec/2013:19:52:44 +0000] "GET /css/images/ui-bg_flat_75_ffffff_40x100.png HTTP/1.1" 200 178 
0:0:0:0:0:0:0:1 -  -  [18/Dec/2013:19:52:44 +0000] "GET /css/images/ui-icons_222222_256x240.png HTTP/1.1" 200 4369 
0:0:0:0:0:0:0:1 -  -  [18/Dec/2013:19:52:44 +0000] "GET /css/images/ui-bg_flat_0_aaaaaa_40x100.png HTTP/1.1" 200 180 
0:0:0:0:0:0:0:1 -  -  [18/Dec/2013:19:52:44 +0000] "GET /css/images/ui-bg_glass_75_e6e6e6_1x400.png HTTP/1.1" 200 110 
0:0:0:0:0:0:0:1 -  -  [18/Dec/2013:19:52:44 +0000] "GET /css/images/ui-bg_glass_65_ffffff_1x400.png HTTP/1.1" 200 105 
0:0:0:0:0:0:0:1 -  -  [18/Dec/2013:19:52:44 +0000] "GET /css/images/ui-icons_888888_256x240.png HTTP/1.1" 200 4369 
0:0:0:0:0:0:0:1 -  -  [18/Dec/2013:19:52:44 +0000] "GET /css/images/ui-bg_highlight-soft_75_cccccc_1x100.png HTTP/1.1" 200 101 
0:0:0:0:0:0:0:1 -  -  [18/Dec/2013:19:52:44 +0000] "GET /rest/aggrementsToReassignBy/undefined?_search%5Bcaption%5D=Search...&_search%5BFind%5D=Find&_search%5BReset%5D=Reset&nd=1387396364602&rows=10&page=1&sidx=title&sord=asc HTTP/1.1" 200 1586 
0:0:0:0:0:0:0:1 -  -  [18/Dec/2013:19:52:48 +0000] "GET /css/images/ui-bg_glass_75_dadada_1x400.png HTTP/1.1" 200 111 
0:0:0:0:0:0:0:1 -  -  [18/Dec/2013:19:52:50 +0000] "GET /css/images/ui-icons_454545_256x240.png HTTP/1.1" 200 4369 
0:0:0:0:0:0:0:1 -  -  [18/Dec/2013:19:52:54 +0000] "GET /Form1.html HTTP/1.1" 200 649 
0:0:0:0:0:0:0:1 -  -  [18/Dec/2013:19:53:05 +0000] "POST /rest/hello/message/one HTTP/1.1" 200 29 
0:0:0:0:0:0:0:1 -  -  [18/Dec/2013:19:53:12 +0000] "GET /rest/hello/message?message=kkkkk HTTP/1.1" 200 28 
0:0:0:0:0:0:0:1 -  -  [18/Dec/2013:19:53:29 +0000] "GET /rest/hello/message?message=kkkkk HTTP/1.1" 200 28 
0:0:0:0:0:0:0:1 -  -  [18/Dec/2013:19:53:35 +0000] "POST /rest/hello/message/one HTTP/1.1" 200 29 
0:0:0:0:0:0:0:1 -  -  [18/Dec/2013:19:53:41 +0000] "GET /rest/hello/message?message=kkkkk HTTP/1.1" 200 28 
0:0:0:0:0:0:0:1 -  -  [18/Dec/2013:19:53:59 +0000] "GET / HTTP/1.1" 200 1213 
0:0:0:0:0:0:0:1 -  -  [18/Dec/2013:19:54:01 +0000] "GET /AttributeTest.gsp HTTP/1.1" 200 714 
0:0:0:0:0:0:0:1 -  -  [18/Dec/2013:19:54:09 +0000] "GET /WorkList.jsp HTTP/1.1" 200 - 
0:0:0:0:0:0:0:1 -  -  [18/Dec/2013:19:54:09 +0000] "GET /js/jqbrowser.js HTTP/1.1" 404 304 
0:0:0:0:0:0:0:1 -  -  [18/Dec/2013:19:54:09 +0000] "GET /rest/aggrementsToReassignBy/undefined?_search%5Bcaption%5D=Search...&_search%5BFind%5D=Find&_search%5BReset%5D=Reset&nd=1387396449713&rows=10&page=1&sidx=title&sord=asc HTTP/1.1" 200 1586 
0:0:0:0:0:0:0:1 -  -  [18/Dec/2013:19:54:16 +0000] "GET /css/images/ui-bg_glass_55_fbf9ee_1x400.png HTTP/1.1" 200 120 
0:0:0:0:0:0:0:1 -  -  [18/Dec/2013:19:54:16 +0000] "GET /css/images/busy.gif HTTP/1.1" 200 2608 
0:0:0:0:0:0:0:1 -  -  [18/Dec/2013:19:54:49 +0000] "GET /rest/aggrementsToReassignBy/undefined?_search=false&nd=1387396488414&rows=10&page=1&sidx=title&sord=asc HTTP/1.1" 200 1586 
